  func.c
C:\Users\박은서\source\repos\고급C_2차프로젝트\고급C_2차프로젝트\func.c(16,28): warning C4133: '=': 'student *'과(와) 'Student *' 사이의 형식이 호환되지 않습니다.
C:\Users\박은서\source\repos\고급C_2차프로젝트\고급C_2차프로젝트\func.c(21,36): warning C4133: '=': 'Student *'과(와) 'student *' 사이의 형식이 호환되지 않습니다.
C:\Users\박은서\source\repos\고급C_2차프로젝트\고급C_2차프로젝트\func.c(27,31): warning C4133: '=': 'student *'과(와) 'Student *' 사이의 형식이 호환되지 않습니다.
C:\Users\박은서\source\repos\고급C_2차프로젝트\고급C_2차프로젝트\func.c(31,35): warning C4133: '=': 'student *'과(와) 'Student *' 사이의 형식이 호환되지 않습니다.
C:\Users\박은서\source\repos\고급C_2차프로젝트\고급C_2차프로젝트\func.c(38,35): warning C4133: '=': 'Student *'과(와) 'student *' 사이의 형식이 호환되지 않습니다.
C:\Users\박은서\source\repos\고급C_2차프로젝트\고급C_2차프로젝트\func.c(39,35): warning C4133: '=': 'Student *'과(와) 'student *' 사이의 형식이 호환되지 않습니다.
C:\Users\박은서\source\repos\고급C_2차프로젝트\고급C_2차프로젝트\func.c(80,32): warning C4133: '=': 'Student *'과(와) 'student *' 사이의 형식이 호환되지 않습니다.
C:\Users\박은서\source\repos\고급C_2차프로젝트\고급C_2차프로젝트\func.c(100,28): warning C4047: '==': 'int'의 간접 참조 수준이 'void *'과(와) 다릅니다.
C:\Users\박은서\source\repos\고급C_2차프로젝트\고급C_2차프로젝트\func.c(106,29): warning C4047: '!=': 'int'의 간접 참조 수준이 'void *'과(와) 다릅니다.
C:\Users\박은서\source\repos\고급C_2차프로젝트\고급C_2차프로젝트\func.c(129,36): warning C4133: '=': 'Student *'과(와) 'student *' 사이의 형식이 호환되지 않습니다.
C:\Users\박은서\source\repos\고급C_2차프로젝트\고급C_2차프로젝트\func.c(133,32): warning C4133: '=': 'Student *'과(와) 'student *' 사이의 형식이 호환되지 않습니다.
C:\Users\박은서\source\repos\고급C_2차프로젝트\고급C_2차프로젝트\func.c(134,32): warning C4133: '=': 'Student *'과(와) 'student *' 사이의 형식이 호환되지 않습니다.
C:\Users\박은서\source\repos\고급C_2차프로젝트\고급C_2차프로젝트\func.c(144,29): warning C4133: '=': 'student *'과(와) 'Student *' 사이의 형식이 호환되지 않습니다.
C:\Users\박은서\source\repos\고급C_2차프로젝트\고급C_2차프로젝트\func.c(176,29): warning C4133: '=': 'student *'과(와) 'Student *' 사이의 형식이 호환되지 않습니다.
C:\Users\박은서\source\repos\고급C_2차프로젝트\고급C_2차프로젝트\func.c(223,33): warning C4133: '=': 'student *'과(와) 'Student *' 사이의 형식이 호환되지 않습니다.
C:\Users\박은서\source\repos\고급C_2차프로젝트\고급C_2차프로젝트\func.c(242,29): warning C4133: '=': 'student *'과(와) 'Student *' 사이의 형식이 호환되지 않습니다.
C:\Users\박은서\source\repos\고급C_2차프로젝트\고급C_2차프로젝트\func.c(268,92): warning C4047: '함수': 'const char *'의 간접 참조 수준이 'int'과(와) 다릅니다.
C:\Users\박은서\source\repos\고급C_2차프로젝트\고급C_2차프로젝트\func.c(268,92): warning C4024: 'strcmp': 형식 및 실제 매개 변수 2의 형식이 서로 다릅니다.
C:\Users\박은서\source\repos\고급C_2차프로젝트\고급C_2차프로젝트\func.c(278,97): warning C4047: '함수': 'const char *'의 간접 참조 수준이 'int'과(와) 다릅니다.
C:\Users\박은서\source\repos\고급C_2차프로젝트\고급C_2차프로젝트\func.c(278,97): warning C4024: 'strcmp': 형식 및 실제 매개 변수 2의 형식이 서로 다릅니다.
C:\Users\박은서\source\repos\고급C_2차프로젝트\고급C_2차프로젝트\func.c(283,29): warning C4133: '=': 'student *'과(와) 'Student *' 사이의 형식이 호환되지 않습니다.
C:\Users\박은서\source\repos\고급C_2차프로젝트\고급C_2차프로젝트\func.c(306,29): warning C4133: '=': 'student *'과(와) 'Student *' 사이의 형식이 호환되지 않습니다.
C:\Users\박은서\source\repos\고급C_2차프로젝트\고급C_2차프로젝트\func.c(334,29): warning C4133: '=': 'student *'과(와) 'Student *' 사이의 형식이 호환되지 않습니다.
  고급C_2차프로젝트.vcxproj -> C:\Users\박은서\source\repos\고급C_2차프로젝트\Debug\고급C_2차프로젝트.exe
